<?xml version="1.0" encoding="UTF-8"?>
<Site BuildName="Darwin-clang++"
	BuildStamp="20240923-2330-Experimental"
	Name="Gios-MBP.hsd1.ca.comcast.net"
	Generator="ctest-3.30.3"
	CompilerName="/usr/bin/clang++"
	CompilerVersion="15.0.0.15000309"
	OSName="macOS"
	Hostname="Gios-MBP.hsd1.ca.comcast.net"
	OSRelease="14.5"
	OSVersion="23F79"
	OSPlatform="x86_64"
	Is64Bits="1"
	VendorString="GenuineIntel"
	VendorID="Intel Corporation"
	FamilyID="6"
	ModelID="142"
	ProcessorCacheSize="32768"
	NumberOfLogicalCPU="8"
	NumberOfPhysicalCPU="4"
	TotalVirtualMemory="2048"
	TotalPhysicalMemory="8192"
	LogicalProcessorsPerPhysical="8"
	ProcessorClockFrequency="1400"
	>
	<Testing>
		<StartDateTime>Sep 23 16:30 PDT</StartDateTime>
		<StartTestTime>1727134216</StartTestTime>
		<TestList/>
		<EndDateTime>Sep 23 16:30 PDT</EndDateTime>
		<EndTestTime>1727134216</EndTestTime>
		<ElapsedMinutes>0</ElapsedMinutes>
	</Testing>
</Site>
